<?xml version="1.0" encoding="UTF-8"?>
<!-- Generated by org.testng.reporters.JUnitReportReporter -->
<testsuite hostname="COL-TNUZUM" failures="0" tests="2" name="COG._NewTestCaseTemplate" time="0.006" errors="0" timestamp="2019-11-22T10:01:37 EST" skipped="0">
  <testcase classname="COG._NewTestCaseTemplate" name="pageVerifications" time="0.005"/>
  <testcase classname="COG._NewTestCaseTemplate" name="pageValidations" time="0.001"/>
</testsuite> <!-- COG._NewTestCaseTemplate -->
